<?xml version="1.0" encoding="UTF-8"?>
<!-- Generated by org.testng.reporters.JUnitXMLReporter -->
<testsuite hostname="innoraft-Lenovo-G50-70" ignored="0" name="Different Testclasses Testing" tests="8" failures="0" timestamp="26 Feb 2019 11:45:23 GMT" time="57.335" errors="0">
  <testcase name="Cred1" time="22.343" classname="datadriven.MultipleSession"/>
  <testcase name="Cred2" time="8.741" classname="datadriven.MultipleSession"/>
  <testcase name="Cred3" time="10.972" classname="datadriven.MultipleSession"/>
  <testcase name="LaunchURL" time="9.158" classname="datadriven.Guru99BankLoginTest"/>
  <testcase name="VerifyLaunchPage" time="0.7" classname="datadriven.Guru99BankLoginTest"/>
  <testcase name="EnterCredentials" time="4.743" classname="datadriven.Guru99BankLoginTest"/>
  <testcase name="VerifyLoggedInPage" time="0.151" classname="datadriven.Guru99BankLoginTest"/>
  <testcase name="VerifyHyperLinks" time="0.431" classname="datadriven.Guru99BankLoginTest"/>
</testsuite> <!-- Different Testclasses Testing -->
