<?xml version="1.0" encoding="UTF-8"?>
<!-- Generated by org.testng.reporters.JUnitXMLReporter -->
<testsuite hostname="innoraft-Lenovo-G50-70" ignored="2" name="Guru 99 Bank Login Page Test" tests="3" failures="0" timestamp="26 Feb 2019 07:10:57 GMT" time="13.742" errors="0">
  <testcase name="LaunchURL" time="8.209" classname="datadriven.Guru99BankLoginTest"/>
  <testcase name="VerifyLaunchPage" time="0.731" classname="datadriven.Guru99BankLoginTest"/>
  <testcase name="EnterCredentials" time="4.727" classname="datadriven.Guru99BankLoginTest"/>
  <testcase name="VerifyLoggedInPage" time="0.0" classname="datadriven.Guru99BankLoginTest">
    <ignored/>
  </testcase> <!-- VerifyLoggedInPage -->
  <testcase name="VerifyHyperLinks" time="0.0" classname="datadriven.Guru99BankLoginTest">
    <ignored/>
  </testcase> <!-- VerifyHyperLinks -->
</testsuite> <!-- Guru 99 Bank Login Page Test -->
